2024-04-15 03:16:01 [INFO] Checking for updates
2024-04-15 03:16:13 [INFO] Updated package: obsidian from 1.5.8 to 1.5.12
2024-04-15 03:16:13 [INFO] Updated package: proton-vpn from 3.2.9 to 3.2.11
2024-04-15 03:16:13 [INFO] Updated package: ryujinx.ava from 1.1.1279 to 1.1.1280
2024-04-15 03:16:13 [INFO] Pushing updated packages
2024-04-15 03:16:13 [INFO] Pushing package: obsidian
2024-04-15 03:16:13 [INFO]      Old version: 1.5.8
2024-04-15 03:16:13 [INFO]      New version: 1.5.12
2024-04-15 03:16:13 [INFO]      Package path: D:\a\CustomPackages\CustomPackages\packages\obsidian\obsidian.1.5.12.nupkg
2024-04-15 03:16:22 [INFO] Push complete
2024-04-15 03:16:22 [INFO] Pushing package: proton-vpn
2024-04-15 03:16:22 [INFO]      Old version: 3.2.9
2024-04-15 03:16:22 [INFO]      New version: 3.2.11
2024-04-15 03:16:22 [INFO]      Package path: D:\a\CustomPackages\CustomPackages\packages\proton-vpn\proton-vpn.3.2.11.nupkg
2024-04-15 03:16:23 [INFO] Push complete
2024-04-15 03:16:23 [INFO] Pushing package: ryujinx.ava
2024-04-15 03:16:23 [INFO]      Old version: 1.1.1279
2024-04-15 03:16:23 [INFO]      New version: 1.1.1280
2024-04-15 03:16:23 [INFO]      Package path: D:\a\CustomPackages\CustomPackages\packages\ryujinx.ava\ryujinx.ava.1.1.1280.nupkg
2024-04-15 03:16:23 [INFO] Push complete
2024-04-15 03:16:23 [INFO] Completed package updates
