2024-04-20 00:11:25 [INFO] Checking for updates
2024-04-20 00:11:32 [INFO] Updated package: obsidian from 1.5.8 to 1.5.12
2024-04-20 00:11:32 [INFO] Updated package: proton-vpn from 3.2.9 to 3.2.11
2024-04-20 00:11:32 [INFO] Updated package: ryujinx.ava from 1.1.1284 to 1.1.1287
2024-04-20 00:11:32 [INFO] Pushing updated packages
2024-04-20 00:11:32 [INFO] Pushing package: obsidian
2024-04-20 00:11:32 [INFO]      Old version: 1.5.8
2024-04-20 00:11:32 [INFO]      New version: 1.5.12
2024-04-20 00:11:32 [INFO]      Package path: D:\a\CustomPackages\CustomPackages\packages\obsidian\obsidian.1.5.12.nupkg
2024-04-20 00:11:37 [INFO] Push complete
2024-04-20 00:11:37 [INFO] Pushing package: proton-vpn
2024-04-20 00:11:37 [INFO]      Old version: 3.2.9
2024-04-20 00:11:37 [INFO]      New version: 3.2.11
2024-04-20 00:11:37 [INFO]      Package path: D:\a\CustomPackages\CustomPackages\packages\proton-vpn\proton-vpn.3.2.11.nupkg
2024-04-20 00:11:38 [INFO] Push complete
2024-04-20 00:11:38 [INFO] Pushing package: ryujinx.ava
2024-04-20 00:11:38 [INFO]      Old version: 1.1.1284
2024-04-20 00:11:38 [INFO]      New version: 1.1.1287
2024-04-20 00:11:38 [INFO]      Package path: D:\a\CustomPackages\CustomPackages\packages\ryujinx.ava\ryujinx.ava.1.1.1287.nupkg
2024-04-20 00:11:39 [INFO] Push complete
2024-04-20 00:11:39 [INFO] Completed package updates
