2024-01-11 00:49:12 [INFO] Updating packages
2024-01-11 00:49:26 [INFO] Updated package: adguard from 7.15.1 to 7.16.0
2024-01-11 00:49:26 [INFO] Updated package: proton-vpn from 3.2.8 to 3.2.9
2024-01-11 00:49:26 [INFO] Updated package: ryujinx.ava from 1.1.1100 to 1.1.1104
2024-01-11 00:49:26 [INFO] Pushing updated packages
2024-01-11 00:49:26 [INFO] Pushing package: adguard
2024-01-11 00:49:26 [INFO]      Old version: 7.15.1
2024-01-11 00:49:26 [INFO]      New version: 7.16.0
2024-01-11 00:49:26 [INFO]      Package path: D:\a\CustomPackages\CustomPackages\packages\adguard\
2024-01-11 00:50:09 [INFO] Successfully pushed adguard or version already exists.
2024-01-11 00:50:09 [INFO] Pushing package: proton-vpn
2024-01-11 00:50:09 [INFO]      Old version: 3.2.8
2024-01-11 00:50:09 [INFO]      New version: 3.2.9
2024-01-11 00:50:09 [INFO]      Package path: D:\a\CustomPackages\CustomPackages\packages\proton-vpn\
2024-01-11 00:50:10 [INFO] Successfully pushed proton-vpn or version already exists.
2024-01-11 00:50:10 [INFO] Pushing package: ryujinx.ava
2024-01-11 00:50:10 [INFO]      Old version: 1.1.1100
2024-01-11 00:50:10 [INFO]      New version: 1.1.1104
2024-01-11 00:50:10 [INFO]      Package path: D:\a\CustomPackages\CustomPackages\packages\ryujinx.ava\
2024-01-11 00:50:10 [INFO] Successfully pushed ryujinx.ava or version already exists.
2024-01-11 00:50:10 [INFO] Completed package updates
