2024-06-03 12:05:10 [INFO] Checking for updates
2024-06-03 12:05:24 [INFO] Updated package: obsidian from 1.5.8 to 1.5.12
2024-06-03 12:05:24 [INFO] Updated package: proton-vpn from 3.2.9 to 3.2.11
2024-06-03 12:05:24 [INFO] Updated package: ryujinx.ava from 1.1.1327 to 1.1.1330
2024-06-03 12:05:24 [INFO] Pushing updated packages
2024-06-03 12:05:24 [INFO] Pushing package: obsidian
2024-06-03 12:05:24 [INFO]      Old version: 1.5.8
2024-06-03 12:05:24 [INFO]      New version: 1.5.12
2024-06-03 12:05:24 [INFO]      Package path: D:\a\CustomPackages\CustomPackages\packages\obsidian\obsidian.1.5.12.nupkg
2024-06-03 12:05:55 [INFO] Push complete
2024-06-03 12:05:55 [INFO] Pushing package: proton-vpn
2024-06-03 12:05:55 [INFO]      Old version: 3.2.9
2024-06-03 12:05:55 [INFO]      New version: 3.2.11
2024-06-03 12:05:55 [INFO]      Package path: D:\a\CustomPackages\CustomPackages\packages\proton-vpn\proton-vpn.3.2.11.nupkg
2024-06-03 12:05:55 [INFO] Push complete
2024-06-03 12:05:55 [INFO] Pushing package: ryujinx.ava
2024-06-03 12:05:55 [INFO]      Old version: 1.1.1327
2024-06-03 12:05:55 [INFO]      New version: 1.1.1330
2024-06-03 12:05:55 [INFO]      Package path: D:\a\CustomPackages\CustomPackages\packages\ryujinx.ava\ryujinx.ava.1.1.1330.nupkg
2024-06-03 12:05:56 [INFO] Push complete
2024-06-03 12:05:56 [INFO] Completed package updates
