2024-07-11 00:13:35 [INFO] Checking for updates
2024-07-11 00:13:47 [INFO] Updated package: project-gld from 4.02 to 4.05
2024-07-11 00:13:47 [INFO] Updated package: proton-vpn from 3.2.9 to 3.2.12
2024-07-11 00:13:47 [INFO] Updated package: ryujinx.ava from 1.1.1344 to 1.1.1345
2024-07-11 00:13:47 [INFO] Pushing updated packages
2024-07-11 00:13:47 [INFO] Pushing package: project-gld
2024-07-11 00:13:47 [INFO]      Old version: 4.02
2024-07-11 00:13:47 [INFO]      New version: 4.05
2024-07-11 00:13:47 [INFO]      Package path: D:\a\CustomPackages\CustomPackages\packages\project-gld\project-gld.4.5.0.nupkg
2024-07-11 00:13:54 [INFO] Push complete
2024-07-11 00:13:54 [INFO] Pushing package: proton-vpn
2024-07-11 00:13:54 [INFO]      Old version: 3.2.9
2024-07-11 00:13:54 [INFO]      New version: 3.2.12
2024-07-11 00:13:54 [INFO]      Package path: D:\a\CustomPackages\CustomPackages\packages\proton-vpn\proton-vpn.3.2.12.nupkg
2024-07-11 00:13:55 [INFO] Push complete
2024-07-11 00:13:55 [INFO] Pushing package: ryujinx.ava
2024-07-11 00:13:55 [INFO]      Old version: 1.1.1344
2024-07-11 00:13:55 [INFO]      New version: 1.1.1345
2024-07-11 00:13:55 [INFO]      Package path: D:\a\CustomPackages\CustomPackages\packages\ryujinx.ava\ryujinx.ava.1.1.1345.nupkg
2024-07-11 00:13:56 [INFO] Push complete
2024-07-11 00:13:56 [INFO] Completed package updates
