2024-05-20 00:12:20 [INFO] Checking for updates
2024-05-20 00:12:36 [INFO] Updated package: obsidian from 1.5.8 to 1.5.12
2024-05-20 00:12:36 [INFO] Updated package: project-gld from 3.97 to 3.98
2024-05-20 00:12:36 [INFO] Updated package: proton-vpn from 3.2.9 to 3.2.11
2024-05-20 00:12:36 [INFO] Updated package: ryujinx.ava from 1.1.1316 to 1.1.1317
2024-05-20 00:12:36 [INFO] Pushing updated packages
2024-05-20 00:12:36 [INFO] Pushing package: obsidian
2024-05-20 00:12:36 [INFO]      Old version: 1.5.8
2024-05-20 00:12:36 [INFO]      New version: 1.5.12
2024-05-20 00:12:36 [INFO]      Package path: D:\a\CustomPackages\CustomPackages\packages\obsidian\obsidian.1.5.12.nupkg
2024-05-20 00:12:58 [INFO] Push complete
2024-05-20 00:12:58 [INFO] Pushing package: project-gld
2024-05-20 00:12:58 [INFO]      Old version: 3.97
2024-05-20 00:12:58 [INFO]      New version: 3.98
2024-05-20 00:12:58 [INFO]      Package path: D:\a\CustomPackages\CustomPackages\packages\project-gld\project-gld.3.98.0.nupkg
2024-05-20 00:12:59 [INFO] Push complete
2024-05-20 00:12:59 [INFO] Pushing package: proton-vpn
2024-05-20 00:12:59 [INFO]      Old version: 3.2.9
2024-05-20 00:12:59 [INFO]      New version: 3.2.11
2024-05-20 00:12:59 [INFO]      Package path: D:\a\CustomPackages\CustomPackages\packages\proton-vpn\proton-vpn.3.2.11.nupkg
2024-05-20 00:12:59 [INFO] Push complete
2024-05-20 00:12:59 [INFO] Pushing package: ryujinx.ava
2024-05-20 00:12:59 [INFO]      Old version: 1.1.1316
2024-05-20 00:12:59 [INFO]      New version: 1.1.1317
2024-05-20 00:12:59 [INFO]      Package path: D:\a\CustomPackages\CustomPackages\packages\ryujinx.ava\ryujinx.ava.1.1.1317.nupkg
2024-05-20 00:13:00 [INFO] Push complete
2024-05-20 00:13:00 [INFO] Completed package updates
