2024-04-06 12:19:42 [INFO] Checking for updates
2024-04-06 12:20:00 [INFO] Updated package: obsidian from 1.5.8 to 1.5.12
2024-04-06 12:20:00 [INFO] Updated package: proton-vpn from 3.2.9 to 3.2.10.2
2024-04-06 12:20:00 [INFO] Updated package: ryujinx.ava from 1.1.1254 to 1.1.1258
2024-04-06 12:20:00 [INFO] Pushing updated packages
2024-04-06 12:20:00 [INFO] Pushing package: obsidian
2024-04-06 12:20:00 [INFO]      Old version: 1.5.8
2024-04-06 12:20:00 [INFO]      New version: 1.5.12
2024-04-06 12:20:00 [INFO]      Package path: D:\a\CustomPackages\CustomPackages\packages\obsidian\obsidian.1.5.12.nupkg
2024-04-06 12:20:08 [INFO] Push complete
2024-04-06 12:20:08 [INFO] Pushing package: proton-vpn
2024-04-06 12:20:08 [INFO]      Old version: 3.2.9
2024-04-06 12:20:08 [INFO]      New version: 3.2.10.2
2024-04-06 12:20:08 [INFO]      Package path: D:\a\CustomPackages\CustomPackages\packages\proton-vpn\proton-vpn.3.2.10.2.nupkg
2024-04-06 12:20:09 [INFO] Push complete
2024-04-06 12:20:09 [INFO] Pushing package: ryujinx.ava
2024-04-06 12:20:09 [INFO]      Old version: 1.1.1254
2024-04-06 12:20:09 [INFO]      New version: 1.1.1258
2024-04-06 12:20:09 [INFO]      Package path: D:\a\CustomPackages\CustomPackages\packages\ryujinx.ava\ryujinx.ava.1.1.1258.nupkg
2024-04-06 12:20:10 [INFO] Push complete
2024-04-06 12:20:10 [INFO] Completed package updates
