2024-03-21 00:52:57 [INFO] Checking for updates
2024-03-21 00:53:09 [INFO] Updated package: obsidian from 1.5.8 to 1.5.11
2024-03-21 00:53:09 [INFO] Updated package: proton-vpn from 3.2.9 to 3.2.10.2
2024-03-21 00:53:09 [INFO] Updated package: ryujinx.ava from 1.1.1239 to 1.1.1240
2024-03-21 00:53:09 [INFO] Pushing updated packages
2024-03-21 00:53:09 [INFO] Pushing package: obsidian
2024-03-21 00:53:09 [INFO]      Old version: 1.5.8
2024-03-21 00:53:09 [INFO]      New version: 1.5.11
2024-03-21 00:53:09 [INFO]      Package path: D:\a\CustomPackages\CustomPackages\packages\obsidian\obsidian.1.5.11.nupkg
2024-03-21 00:53:17 [INFO] Push complete
2024-03-21 00:53:17 [INFO] Pushing package: proton-vpn
2024-03-21 00:53:17 [INFO]      Old version: 3.2.9
2024-03-21 00:53:17 [INFO]      New version: 3.2.10.2
2024-03-21 00:53:17 [INFO]      Package path: D:\a\CustomPackages\CustomPackages\packages\proton-vpn\proton-vpn.3.2.10.2.nupkg
2024-03-21 00:53:18 [INFO] Push complete
2024-03-21 00:53:18 [INFO] Pushing package: ryujinx.ava
2024-03-21 00:53:18 [INFO]      Old version: 1.1.1239
2024-03-21 00:53:18 [INFO]      New version: 1.1.1240
2024-03-21 00:53:18 [INFO]      Package path: D:\a\CustomPackages\CustomPackages\packages\ryujinx.ava\ryujinx.ava.1.1.1240.nupkg
2024-03-21 00:53:19 [INFO] Push complete
2024-03-21 00:53:19 [INFO] Completed package updates
