2024-05-27 00:12:39 [INFO] Checking for updates
2024-05-27 00:12:54 [INFO] Updated package: obsidian from 1.5.8 to 1.5.12
2024-05-27 00:12:54 [INFO] Updated package: proton-vpn from 3.2.9 to 3.2.11
2024-05-27 00:12:54 [INFO] Updated package: ryujinx.ava from 1.1.1322 to 1.1.1325
2024-05-27 00:12:54 [INFO] Pushing updated packages
2024-05-27 00:12:54 [INFO] Pushing package: obsidian
2024-05-27 00:12:54 [INFO]      Old version: 1.5.8
2024-05-27 00:12:54 [INFO]      New version: 1.5.12
2024-05-27 00:12:54 [INFO]      Package path: D:\a\CustomPackages\CustomPackages\packages\obsidian\obsidian.1.5.12.nupkg
2024-05-27 00:13:14 [INFO] Push complete
2024-05-27 00:13:14 [INFO] Pushing package: proton-vpn
2024-05-27 00:13:14 [INFO]      Old version: 3.2.9
2024-05-27 00:13:14 [INFO]      New version: 3.2.11
2024-05-27 00:13:14 [INFO]      Package path: D:\a\CustomPackages\CustomPackages\packages\proton-vpn\proton-vpn.3.2.11.nupkg
2024-05-27 00:13:15 [INFO] Push complete
2024-05-27 00:13:15 [INFO] Pushing package: ryujinx.ava
2024-05-27 00:13:15 [INFO]      Old version: 1.1.1322
2024-05-27 00:13:15 [INFO]      New version: 1.1.1325
2024-05-27 00:13:15 [INFO]      Package path: D:\a\CustomPackages\CustomPackages\packages\ryujinx.ava\ryujinx.ava.1.1.1325.nupkg
2024-05-27 00:13:16 [INFO] Push complete
2024-05-27 00:13:16 [INFO] Completed package updates
