2024-04-17 00:12:07 [INFO] Checking for updates
2024-04-17 00:12:16 [INFO] Updated package: adguard from 7.16.0 to 7.17.0
2024-04-17 00:12:16 [INFO] Updated package: obsidian from 1.5.8 to 1.5.12
2024-04-17 00:12:16 [INFO] Updated package: proton-vpn from 3.2.9 to 3.2.11
2024-04-17 00:12:16 [INFO] Pushing updated packages
2024-04-17 00:12:16 [INFO] Pushing package: adguard
2024-04-17 00:12:16 [INFO]      Old version: 7.16.0
2024-04-17 00:12:16 [INFO]      New version: 7.17.0
2024-04-17 00:12:16 [INFO]      Package path: D:\a\CustomPackages\CustomPackages\packages\adguard\adguard.7.17.0.nupkg
2024-04-17 00:12:30 [INFO] Push complete
2024-04-17 00:12:30 [INFO] Pushing package: obsidian
2024-04-17 00:12:30 [INFO]      Old version: 1.5.8
2024-04-17 00:12:30 [INFO]      New version: 1.5.12
2024-04-17 00:12:30 [INFO]      Package path: D:\a\CustomPackages\CustomPackages\packages\obsidian\obsidian.1.5.12.nupkg
2024-04-17 00:12:31 [INFO] Push complete
2024-04-17 00:12:31 [INFO] Pushing package: proton-vpn
2024-04-17 00:12:31 [INFO]      Old version: 3.2.9
2024-04-17 00:12:31 [INFO]      New version: 3.2.11
2024-04-17 00:12:31 [INFO]      Package path: D:\a\CustomPackages\CustomPackages\packages\proton-vpn\proton-vpn.3.2.11.nupkg
2024-04-17 00:12:31 [INFO] Push complete
2024-04-17 00:12:31 [INFO] Completed package updates
