2024-05-21 00:12:37 [INFO] Checking for updates
2024-05-21 00:12:52 [INFO] Updated package: obsidian from 1.5.8 to 1.5.12
2024-05-21 00:12:52 [INFO] Updated package: proton-vpn from 3.2.9 to 3.2.11
2024-05-21 00:12:52 [INFO] Updated package: ryujinx.ava from 1.1.1317 to 1.1.1318
2024-05-21 00:12:52 [INFO] Pushing updated packages
2024-05-21 00:12:52 [INFO] Pushing package: obsidian
2024-05-21 00:12:52 [INFO]      Old version: 1.5.8
2024-05-21 00:12:52 [INFO]      New version: 1.5.12
2024-05-21 00:12:52 [INFO]      Package path: D:\a\CustomPackages\CustomPackages\packages\obsidian\obsidian.1.5.12.nupkg
2024-05-21 00:13:11 [INFO] Push complete
2024-05-21 00:13:11 [INFO] Pushing package: proton-vpn
2024-05-21 00:13:11 [INFO]      Old version: 3.2.9
2024-05-21 00:13:11 [INFO]      New version: 3.2.11
2024-05-21 00:13:11 [INFO]      Package path: D:\a\CustomPackages\CustomPackages\packages\proton-vpn\proton-vpn.3.2.11.nupkg
2024-05-21 00:13:12 [INFO] Push complete
2024-05-21 00:13:12 [INFO] Pushing package: ryujinx.ava
2024-05-21 00:13:12 [INFO]      Old version: 1.1.1317
2024-05-21 00:13:12 [INFO]      New version: 1.1.1318
2024-05-21 00:13:12 [INFO]      Package path: D:\a\CustomPackages\CustomPackages\packages\ryujinx.ava\ryujinx.ava.1.1.1318.nupkg
2024-05-21 00:13:13 [INFO] Push complete
2024-05-21 00:13:13 [INFO] Completed package updates
