2024-04-21 12:05:02 [INFO] Checking for updates
2024-04-21 12:05:20 [INFO] Updated package: obsidian from 1.5.8 to 1.5.12
2024-04-21 12:05:20 [INFO] Updated package: proton-vpn from 3.2.9 to 3.2.11
2024-04-21 12:05:20 [INFO] Updated package: ryujinx.ava from 1.1.1287 to 1.1.1289
2024-04-21 12:05:20 [INFO] Updated package: sunshine from 0.23.0 to 0.23.1
2024-04-21 12:05:20 [INFO] Pushing updated packages
2024-04-21 12:05:20 [INFO] Pushing package: obsidian
2024-04-21 12:05:20 [INFO]      Old version: 1.5.8
2024-04-21 12:05:20 [INFO]      New version: 1.5.12
2024-04-21 12:05:20 [INFO]      Package path: D:\a\CustomPackages\CustomPackages\packages\obsidian\obsidian.1.5.12.nupkg
2024-04-21 12:05:29 [INFO] Push complete
2024-04-21 12:05:29 [INFO] Pushing package: proton-vpn
2024-04-21 12:05:29 [INFO]      Old version: 3.2.9
2024-04-21 12:05:29 [INFO]      New version: 3.2.11
2024-04-21 12:05:29 [INFO]      Package path: D:\a\CustomPackages\CustomPackages\packages\proton-vpn\proton-vpn.3.2.11.nupkg
2024-04-21 12:05:30 [INFO] Push complete
2024-04-21 12:05:30 [INFO] Pushing package: ryujinx.ava
2024-04-21 12:05:30 [INFO]      Old version: 1.1.1287
2024-04-21 12:05:30 [INFO]      New version: 1.1.1289
2024-04-21 12:05:30 [INFO]      Package path: D:\a\CustomPackages\CustomPackages\packages\ryujinx.ava\ryujinx.ava.1.1.1289.nupkg
2024-04-21 12:05:32 [INFO] Push complete
2024-04-21 12:05:32 [INFO] Pushing package: sunshine
2024-04-21 12:05:32 [INFO]      Old version: 0.23.0
2024-04-21 12:05:32 [INFO]      New version: 0.23.1
2024-04-21 12:05:32 [INFO]      Package path: D:\a\CustomPackages\CustomPackages\packages\sunshine\sunshine.0.23.1.nupkg
2024-04-21 12:05:33 [INFO] Push complete
2024-04-21 12:05:33 [INFO] Completed package updates
