2024-03-24 00:56:52 [INFO] Checking for updates
2024-03-24 00:57:05 [INFO] Updated package: obsidian from 1.5.8 to 1.5.11
2024-03-24 00:57:05 [INFO] Updated package: proton-vpn from 3.2.9 to 3.2.10.2
2024-03-24 00:57:05 [INFO] Updated package: ryujinx.ava from 1.1.1242 to 1.1.1244
2024-03-24 00:57:05 [INFO] Pushing updated packages
2024-03-24 00:57:05 [INFO] Pushing package: obsidian
2024-03-24 00:57:05 [INFO]      Old version: 1.5.8
2024-03-24 00:57:05 [INFO]      New version: 1.5.11
2024-03-24 00:57:05 [INFO]      Package path: D:\a\CustomPackages\CustomPackages\packages\obsidian\obsidian.1.5.11.nupkg
2024-03-24 00:57:13 [INFO] Push complete
2024-03-24 00:57:13 [INFO] Pushing package: proton-vpn
2024-03-24 00:57:13 [INFO]      Old version: 3.2.9
2024-03-24 00:57:13 [INFO]      New version: 3.2.10.2
2024-03-24 00:57:13 [INFO]      Package path: D:\a\CustomPackages\CustomPackages\packages\proton-vpn\proton-vpn.3.2.10.2.nupkg
2024-03-24 00:57:14 [INFO] Push complete
2024-03-24 00:57:14 [INFO] Pushing package: ryujinx.ava
2024-03-24 00:57:14 [INFO]      Old version: 1.1.1242
2024-03-24 00:57:14 [INFO]      New version: 1.1.1244
2024-03-24 00:57:14 [INFO]      Package path: D:\a\CustomPackages\CustomPackages\packages\ryujinx.ava\ryujinx.ava.1.1.1244.nupkg
2024-03-24 00:57:15 [INFO] Push complete
2024-03-24 00:57:15 [INFO] Completed package updates
