2024-03-14 12:21:40 [INFO] Checking for updates
2024-03-14 12:21:59 [INFO] Updated package: proton-vpn from 3.2.9 to 3.2.10.2
2024-03-14 12:21:59 [INFO] Updated package: ryujinx.ava from 1.1.1227 to 1.1.1228
2024-03-14 12:21:59 [INFO] Updated package: sunshine from 0.22.0 to 0.22.1
2024-03-14 12:21:59 [INFO] Pushing updated packages
2024-03-14 12:21:59 [INFO] Pushing package: proton-vpn
2024-03-14 12:21:59 [INFO]      Old version: 3.2.9
2024-03-14 12:21:59 [INFO]      New version: 3.2.10.2
2024-03-14 12:21:59 [INFO]      Package path: D:\a\CustomPackages\CustomPackages\packages\proton-vpn\proton-vpn.3.2.10.2.nupkg
2024-03-14 12:22:49 [INFO] Push complete
2024-03-14 12:22:49 [INFO] Pushing package: ryujinx.ava
2024-03-14 12:22:49 [INFO]      Old version: 1.1.1227
2024-03-14 12:22:49 [INFO]      New version: 1.1.1228
2024-03-14 12:22:49 [INFO]      Package path: D:\a\CustomPackages\CustomPackages\packages\ryujinx.ava\ryujinx.ava.1.1.1228.nupkg
2024-03-14 12:22:49 [INFO] Push complete
2024-03-14 12:22:49 [INFO] Pushing package: sunshine
2024-03-14 12:22:49 [INFO]      Old version: 0.22.0
2024-03-14 12:22:49 [INFO]      New version: 0.22.1
2024-03-14 12:22:49 [INFO]      Package path: D:\a\CustomPackages\CustomPackages\packages\sunshine\sunshine.0.22.1.nupkg
2024-03-14 12:22:50 [INFO] Push complete
2024-03-14 12:22:50 [INFO] Completed package updates
