2024-05-24 12:04:52 [INFO] Checking for updates
2024-05-24 12:05:03 [INFO] Updated package: obsidian from 1.5.8 to 1.5.12
2024-05-24 12:05:03 [INFO] Updated package: proton-vpn from 3.2.9 to 3.2.11
2024-05-24 12:05:03 [INFO] Updated package: ryujinx.ava from 1.1.1320 to 1.1.1321
2024-05-24 12:05:03 [INFO] Pushing updated packages
2024-05-24 12:05:03 [INFO] Pushing package: obsidian
2024-05-24 12:05:03 [INFO]      Old version: 1.5.8
2024-05-24 12:05:03 [INFO]      New version: 1.5.12
2024-05-24 12:05:03 [INFO]      Package path: D:\a\CustomPackages\CustomPackages\packages\obsidian\obsidian.1.5.12.nupkg
2024-05-24 12:05:25 [INFO] Push complete
2024-05-24 12:05:25 [INFO] Pushing package: proton-vpn
2024-05-24 12:05:25 [INFO]      Old version: 3.2.9
2024-05-24 12:05:25 [INFO]      New version: 3.2.11
2024-05-24 12:05:25 [INFO]      Package path: D:\a\CustomPackages\CustomPackages\packages\proton-vpn\proton-vpn.3.2.11.nupkg
2024-05-24 12:05:25 [INFO] Push complete
2024-05-24 12:05:25 [INFO] Pushing package: ryujinx.ava
2024-05-24 12:05:25 [INFO]      Old version: 1.1.1320
2024-05-24 12:05:25 [INFO]      New version: 1.1.1321
2024-05-24 12:05:25 [INFO]      Package path: D:\a\CustomPackages\CustomPackages\packages\ryujinx.ava\ryujinx.ava.1.1.1321.nupkg
2024-05-24 12:05:26 [INFO] Push complete
2024-05-24 12:05:26 [INFO] Completed package updates
