2024-01-10 21:56:47 [INFO] Updating packages
2024-01-10 21:57:05 [INFO] Updated package: C:\Users\RUNNER~1\AppData\Local\Temp\4jct02wj\tools
2024-01-10 21:57:05 [INFO] Updated package: C:\Users\RUNNER~1\AppData\Local\Temp\4jct02wj\content\images
2024-01-10 21:57:05 [INFO] Updated package: C:\Users\RUNNER~1\AppData\Local\Temp\ez2tmavy\tools
2024-01-10 21:57:05 [INFO] Updated package: C:\Users\RUNNER~1\AppData\Local\Temp\ez2tmavy\content\images
2024-01-10 21:57:05 [INFO] Updated package: C:\Users\RUNNER~1\AppData\Local\Temp\i3gewtrm\tools
2024-01-10 21:57:05 [INFO] Updated package: C:\Users\RUNNER~1\AppData\Local\Temp\cvwllbwp\content\images
2024-01-10 21:57:05 [INFO] Updated package: C:\Users\RUNNER~1\AppData\Local\Temp\cvwllbwp\tools
2024-01-10 21:57:05 [INFO] Updated package: C:\Users\RUNNER~1\AppData\Local\Temp\cbihizno\tools
2024-01-10 21:57:05 [INFO] Updated package: C:\Users\RUNNER~1\AppData\Local\Temp\cbihizno\content\images
2024-01-10 21:57:05 [INFO] Updated package: C:\Users\RUNNER~1\AppData\Local\Temp\0kihqpoh\content\images
2024-01-10 21:57:05 [INFO] Updated package: C:\Users\RUNNER~1\AppData\Local\Temp\0kihqpoh\tools
2024-01-10 21:57:05 [INFO] Updated package: C:\Users\RUNNER~1\AppData\Local\Temp\ff5wi1kf\content\images
2024-01-10 21:57:05 [INFO] Updated package: C:\Users\RUNNER~1\AppData\Local\Temp\ff5wi1kf\tools
2024-01-10 21:57:05 [INFO] Updated package: C:\Users\RUNNER~1\AppData\Local\Temp\uhqfj3wr\tools
2024-01-10 21:57:05 [INFO] Updated package: C:\Users\RUNNER~1\AppData\Local\Temp\1pnz4xyi\content\images
2024-01-10 21:57:05 [INFO] Updated package: C:\Users\RUNNER~1\AppData\Local\Temp\1pnz4xyi\tools
2024-01-10 21:57:05 [INFO] Updated package: C:\Users\RUNNER~1\AppData\Local\Temp\z0uyao40\content\images
2024-01-10 21:57:05 [INFO] Updated package: C:\Users\RUNNER~1\AppData\Local\Temp\z0uyao40\tools
2024-01-10 21:57:05 [INFO] Updated package: C:\Users\RUNNER~1\AppData\Local\Temp\1jmg5zce\tools
2024-01-10 21:57:05 [INFO] Updated package: C:\Users\RUNNER~1\AppData\Local\Temp\1jmg5zce\content\images
2024-01-10 21:57:05 [INFO] Updated package: C:\Users\RUNNER~1\AppData\Local\Temp\iw02x41t\tools
2024-01-10 21:57:05 [INFO] Updated package: D:\a\CustomPackages\CustomPackages\packages\adguard\adguard.7.15.4386.nupkg
2024-01-10 21:57:05 [INFO] Updated package: D:\a\CustomPackages\CustomPackages\packages\project-gld\project-gld.2.7.0.nupkg
2024-01-10 21:57:05 [INFO] Updated package: D:\a\CustomPackages\CustomPackages\packages\proton-vpn\proton-vpn.3.2.9.nupkg
2024-01-10 21:57:05 [INFO] Updated package: D:\a\CustomPackages\CustomPackages\packages\ryujinx.ava\ryujinx.ava.1.1.1104.nupkg
2024-01-10 21:57:05 [INFO] Pushing updated packages
2024-01-10 21:57:29 [INFO] Successfully pushed C:\Users\RUNNER~1\AppData\Local\Temp\4jct02wj\tools or this version already exists
2024-01-10 21:57:29 [INFO] Successfully pushed C:\Users\RUNNER~1\AppData\Local\Temp\4jct02wj\content\images or this version already exists
2024-01-10 21:57:30 [INFO] Successfully pushed C:\Users\RUNNER~1\AppData\Local\Temp\ez2tmavy\tools or this version already exists
2024-01-10 21:57:30 [INFO] Successfully pushed C:\Users\RUNNER~1\AppData\Local\Temp\ez2tmavy\content\images or this version already exists
2024-01-10 21:57:30 [INFO] Successfully pushed C:\Users\RUNNER~1\AppData\Local\Temp\i3gewtrm\tools or this version already exists
2024-01-10 21:57:31 [INFO] Successfully pushed C:\Users\RUNNER~1\AppData\Local\Temp\cvwllbwp\content\images or this version already exists
2024-01-10 21:57:31 [INFO] Successfully pushed C:\Users\RUNNER~1\AppData\Local\Temp\cvwllbwp\tools or this version already exists
2024-01-10 21:57:31 [INFO] Successfully pushed C:\Users\RUNNER~1\AppData\Local\Temp\cbihizno\tools or this version already exists
2024-01-10 21:57:32 [INFO] Successfully pushed C:\Users\RUNNER~1\AppData\Local\Temp\cbihizno\content\images or this version already exists
2024-01-10 21:57:32 [INFO] Successfully pushed C:\Users\RUNNER~1\AppData\Local\Temp\0kihqpoh\content\images or this version already exists
2024-01-10 21:57:32 [INFO] Successfully pushed C:\Users\RUNNER~1\AppData\Local\Temp\0kihqpoh\tools or this version already exists
2024-01-10 21:57:32 [INFO] Successfully pushed C:\Users\RUNNER~1\AppData\Local\Temp\ff5wi1kf\content\images or this version already exists
2024-01-10 21:57:33 [INFO] Successfully pushed C:\Users\RUNNER~1\AppData\Local\Temp\ff5wi1kf\tools or this version already exists
2024-01-10 21:57:33 [INFO] Successfully pushed C:\Users\RUNNER~1\AppData\Local\Temp\uhqfj3wr\tools or this version already exists
2024-01-10 21:57:33 [INFO] Successfully pushed C:\Users\RUNNER~1\AppData\Local\Temp\1pnz4xyi\content\images or this version already exists
2024-01-10 21:57:34 [INFO] Successfully pushed C:\Users\RUNNER~1\AppData\Local\Temp\1pnz4xyi\tools or this version already exists
2024-01-10 21:57:34 [INFO] Successfully pushed C:\Users\RUNNER~1\AppData\Local\Temp\z0uyao40\content\images or this version already exists
2024-01-10 21:57:34 [INFO] Successfully pushed C:\Users\RUNNER~1\AppData\Local\Temp\z0uyao40\tools or this version already exists
2024-01-10 21:57:35 [INFO] Successfully pushed C:\Users\RUNNER~1\AppData\Local\Temp\1jmg5zce\tools or this version already exists
2024-01-10 21:57:35 [INFO] Successfully pushed C:\Users\RUNNER~1\AppData\Local\Temp\1jmg5zce\content\images or this version already exists
2024-01-10 21:57:35 [INFO] Successfully pushed C:\Users\RUNNER~1\AppData\Local\Temp\iw02x41t\tools or this version already exists
2024-01-10 21:57:36 [INFO] Successfully pushed D:\a\CustomPackages\CustomPackages\packages\adguard\adguard.7.15.4386.nupkg or this version already exists
2024-01-10 21:57:37 [INFO] Successfully pushed D:\a\CustomPackages\CustomPackages\packages\project-gld\project-gld.2.7.0.nupkg or this version already exists
2024-01-10 21:57:37 [INFO] Successfully pushed D:\a\CustomPackages\CustomPackages\packages\proton-vpn\proton-vpn.3.2.9.nupkg or this version already exists
2024-01-10 21:57:38 [INFO] Successfully pushed D:\a\CustomPackages\CustomPackages\packages\ryujinx.ava\ryujinx.ava.1.1.1104.nupkg or this version already exists
2024-01-10 21:57:38 [INFO] Completed package updates
