2024-03-27 12:21:29 [INFO] Checking for updates
2024-03-27 12:21:51 [INFO] Updated package: obsidian from 1.5.8 to 1.5.11
2024-03-27 12:21:51 [INFO] Updated package: proton-vpn from 3.2.9 to 3.2.10.2
2024-03-27 12:21:51 [INFO] Updated package: ryujinx.ava from 1.1.1244 to 1.1.1247
2024-03-27 12:21:51 [INFO] Pushing updated packages
2024-03-27 12:21:51 [INFO] Pushing package: obsidian
2024-03-27 12:21:51 [INFO]      Old version: 1.5.8
2024-03-27 12:21:51 [INFO]      New version: 1.5.11
2024-03-27 12:21:51 [INFO]      Package path: D:\a\CustomPackages\CustomPackages\packages\obsidian\obsidian.1.5.11.nupkg
2024-03-27 12:23:06 [INFO] Push complete
2024-03-27 12:23:06 [INFO] Pushing package: proton-vpn
2024-03-27 12:23:06 [INFO]      Old version: 3.2.9
2024-03-27 12:23:06 [INFO]      New version: 3.2.10.2
2024-03-27 12:23:06 [INFO]      Package path: D:\a\CustomPackages\CustomPackages\packages\proton-vpn\proton-vpn.3.2.10.2.nupkg
2024-03-27 12:23:07 [INFO] Push complete
2024-03-27 12:23:07 [INFO] Pushing package: ryujinx.ava
2024-03-27 12:23:07 [INFO]      Old version: 1.1.1244
2024-03-27 12:23:07 [INFO]      New version: 1.1.1247
2024-03-27 12:23:07 [INFO]      Package path: D:\a\CustomPackages\CustomPackages\packages\ryujinx.ava\ryujinx.ava.1.1.1247.nupkg
2024-03-27 12:23:08 [INFO] Push complete
2024-03-27 12:23:08 [INFO] Completed package updates
