2024-05-18 00:12:08 [INFO] Checking for updates
2024-05-18 00:12:19 [INFO] Updated package: obsidian from 1.5.8 to 1.5.12
2024-05-18 00:12:19 [INFO] Updated package: project-gld from 3.75 to 3.97
2024-05-18 00:12:19 [INFO] Updated package: proton-vpn from 3.2.9 to 3.2.11
2024-05-18 00:12:19 [INFO] Updated package: ryujinx.ava from 1.1.1291 to 1.1.1316
2024-05-18 00:12:19 [INFO] Pushing updated packages
2024-05-18 00:12:19 [INFO] Pushing package: obsidian
2024-05-18 00:12:19 [INFO]      Old version: 1.5.8
2024-05-18 00:12:19 [INFO]      New version: 1.5.12
2024-05-18 00:12:19 [INFO]      Package path: D:\a\CustomPackages\CustomPackages\packages\obsidian\obsidian.1.5.12.nupkg
2024-05-18 00:12:51 [INFO] Push complete
2024-05-18 00:12:51 [INFO] Pushing package: project-gld
2024-05-18 00:12:51 [INFO]      Old version: 3.75
2024-05-18 00:12:51 [INFO]      New version: 3.97
2024-05-18 00:12:51 [INFO]      Package path: D:\a\CustomPackages\CustomPackages\packages\project-gld\project-gld.3.97.0.nupkg
2024-05-18 00:12:52 [INFO] Push complete
2024-05-18 00:12:52 [INFO] Pushing package: proton-vpn
2024-05-18 00:12:52 [INFO]      Old version: 3.2.9
2024-05-18 00:12:52 [INFO]      New version: 3.2.11
2024-05-18 00:12:52 [INFO]      Package path: D:\a\CustomPackages\CustomPackages\packages\proton-vpn\proton-vpn.3.2.11.nupkg
2024-05-18 00:12:52 [INFO] Push complete
2024-05-18 00:12:52 [INFO] Pushing package: ryujinx.ava
2024-05-18 00:12:52 [INFO]      Old version: 1.1.1291
2024-05-18 00:12:52 [INFO]      New version: 1.1.1316
2024-05-18 00:12:52 [INFO]      Package path: D:\a\CustomPackages\CustomPackages\packages\ryujinx.ava\ryujinx.ava.1.1.1316.nupkg
2024-05-18 00:12:53 [INFO] Push complete
2024-05-18 00:12:53 [INFO] Completed package updates
