2024-04-19 00:11:42 [INFO] Checking for updates
2024-04-19 00:11:55 [INFO] Updated package: obsidian from 1.5.8 to 1.5.12
2024-04-19 00:11:55 [INFO] Updated package: proton-vpn from 3.2.9 to 3.2.11
2024-04-19 00:11:55 [INFO] Updated package: ryujinx.ava from 1.1.1282 to 1.1.1284
2024-04-19 00:11:55 [INFO] Pushing updated packages
2024-04-19 00:11:55 [INFO] Pushing package: obsidian
2024-04-19 00:11:55 [INFO]      Old version: 1.5.8
2024-04-19 00:11:55 [INFO]      New version: 1.5.12
2024-04-19 00:11:55 [INFO]      Package path: D:\a\CustomPackages\CustomPackages\packages\obsidian\obsidian.1.5.12.nupkg
2024-04-19 00:12:06 [INFO] Push complete
2024-04-19 00:12:06 [INFO] Pushing package: proton-vpn
2024-04-19 00:12:06 [INFO]      Old version: 3.2.9
2024-04-19 00:12:06 [INFO]      New version: 3.2.11
2024-04-19 00:12:06 [INFO]      Package path: D:\a\CustomPackages\CustomPackages\packages\proton-vpn\proton-vpn.3.2.11.nupkg
2024-04-19 00:12:07 [INFO] Push complete
2024-04-19 00:12:07 [INFO] Pushing package: ryujinx.ava
2024-04-19 00:12:07 [INFO]      Old version: 1.1.1282
2024-04-19 00:12:07 [INFO]      New version: 1.1.1284
2024-04-19 00:12:07 [INFO]      Package path: D:\a\CustomPackages\CustomPackages\packages\ryujinx.ava\ryujinx.ava.1.1.1284.nupkg
2024-04-19 00:12:07 [INFO] Push complete
2024-04-19 00:12:07 [INFO] Completed package updates
