2024-05-23 12:05:11 [INFO] Checking for updates
2024-05-23 12:05:28 [INFO] Updated package: obsidian from 1.5.8 to 1.5.12
2024-05-23 12:05:28 [INFO] Updated package: proton-vpn from 3.2.9 to 3.2.11
2024-05-23 12:05:28 [INFO] Updated package: ryujinx.ava from 1.1.1319 to 1.1.1320
2024-05-23 12:05:28 [INFO] Pushing updated packages
2024-05-23 12:05:28 [INFO] Pushing package: obsidian
2024-05-23 12:05:28 [INFO]      Old version: 1.5.8
2024-05-23 12:05:28 [INFO]      New version: 1.5.12
2024-05-23 12:05:28 [INFO]      Package path: D:\a\CustomPackages\CustomPackages\packages\obsidian\obsidian.1.5.12.nupkg
2024-05-23 12:06:00 [INFO] Push complete
2024-05-23 12:06:00 [INFO] Pushing package: proton-vpn
2024-05-23 12:06:00 [INFO]      Old version: 3.2.9
2024-05-23 12:06:00 [INFO]      New version: 3.2.11
2024-05-23 12:06:00 [INFO]      Package path: D:\a\CustomPackages\CustomPackages\packages\proton-vpn\proton-vpn.3.2.11.nupkg
2024-05-23 12:06:02 [INFO] Push complete
2024-05-23 12:06:02 [INFO] Pushing package: ryujinx.ava
2024-05-23 12:06:02 [INFO]      Old version: 1.1.1319
2024-05-23 12:06:02 [INFO]      New version: 1.1.1320
2024-05-23 12:06:02 [INFO]      Package path: D:\a\CustomPackages\CustomPackages\packages\ryujinx.ava\ryujinx.ava.1.1.1320.nupkg
2024-05-23 12:06:02 [INFO] Push complete
2024-05-23 12:06:02 [INFO] Completed package updates
