2024-04-11 00:53:04 [INFO] Checking for updates
2024-04-11 00:53:22 [INFO] Updated package: obsidian from 1.5.8 to 1.5.12
2024-04-11 00:53:22 [INFO] Updated package: proton-vpn from 3.2.9 to 3.2.10.2
2024-04-11 00:53:22 [INFO] Updated package: ryujinx.ava from 1.1.1272 to 1.1.1277
2024-04-11 00:53:22 [INFO] Pushing updated packages
2024-04-11 00:53:22 [INFO] Pushing package: obsidian
2024-04-11 00:53:22 [INFO]      Old version: 1.5.8
2024-04-11 00:53:22 [INFO]      New version: 1.5.12
2024-04-11 00:53:22 [INFO]      Package path: D:\a\CustomPackages\CustomPackages\packages\obsidian\obsidian.1.5.12.nupkg
2024-04-11 00:53:25 [INFO] Push complete
2024-04-11 00:53:25 [INFO] Pushing package: proton-vpn
2024-04-11 00:53:25 [INFO]      Old version: 3.2.9
2024-04-11 00:53:25 [INFO]      New version: 3.2.10.2
2024-04-11 00:53:25 [INFO]      Package path: D:\a\CustomPackages\CustomPackages\packages\proton-vpn\proton-vpn.3.2.10.2.nupkg
2024-04-11 00:53:26 [INFO] Push complete
2024-04-11 00:53:26 [INFO] Pushing package: ryujinx.ava
2024-04-11 00:53:26 [INFO]      Old version: 1.1.1272
2024-04-11 00:53:26 [INFO]      New version: 1.1.1277
2024-04-11 00:53:26 [INFO]      Package path: D:\a\CustomPackages\CustomPackages\packages\ryujinx.ava\ryujinx.ava.1.1.1277.nupkg
2024-04-11 00:53:27 [INFO] Push complete
2024-04-11 00:53:27 [INFO] Completed package updates
