2024-04-16 00:52:32 [INFO] Checking for updates
2024-04-16 00:52:45 [INFO] Updated package: obsidian from 1.5.8 to 1.5.12
2024-04-16 00:52:45 [INFO] Updated package: proton-vpn from 3.2.9 to 3.2.11
2024-04-16 00:52:45 [INFO] Updated package: ryujinx.ava from 1.1.1280 to 1.1.1281
2024-04-16 00:52:45 [INFO] Pushing updated packages
2024-04-16 00:52:45 [INFO] Pushing package: obsidian
2024-04-16 00:52:45 [INFO]      Old version: 1.5.8
2024-04-16 00:52:45 [INFO]      New version: 1.5.12
2024-04-16 00:52:45 [INFO]      Package path: D:\a\CustomPackages\CustomPackages\packages\obsidian\obsidian.1.5.12.nupkg
2024-04-16 00:52:55 [INFO] Push complete
2024-04-16 00:52:55 [INFO] Pushing package: proton-vpn
2024-04-16 00:52:55 [INFO]      Old version: 3.2.9
2024-04-16 00:52:55 [INFO]      New version: 3.2.11
2024-04-16 00:52:55 [INFO]      Package path: D:\a\CustomPackages\CustomPackages\packages\proton-vpn\proton-vpn.3.2.11.nupkg
2024-04-16 00:52:56 [INFO] Push complete
2024-04-16 00:52:56 [INFO] Pushing package: ryujinx.ava
2024-04-16 00:52:56 [INFO]      Old version: 1.1.1280
2024-04-16 00:52:56 [INFO]      New version: 1.1.1281
2024-04-16 00:52:56 [INFO]      Package path: D:\a\CustomPackages\CustomPackages\packages\ryujinx.ava\ryujinx.ava.1.1.1281.nupkg
2024-04-16 00:52:56 [INFO] Push complete
2024-04-16 00:52:56 [INFO] Completed package updates
