2024-04-23 00:12:09 [INFO] Checking for updates
2024-04-23 00:12:18 [INFO] Updated package: adguard from 7.17.0 to 7.17.1
2024-04-23 00:12:18 [INFO] Updated package: obsidian from 1.5.8 to 1.5.12
2024-04-23 00:12:18 [INFO] Updated package: proton-vpn from 3.2.9 to 3.2.11
2024-04-23 00:12:18 [INFO] Updated package: ryujinx.ava from 1.1.1290 to 1.1.1291
2024-04-23 00:12:18 [INFO] Pushing updated packages
2024-04-23 00:12:18 [INFO] Pushing package: adguard
2024-04-23 00:12:18 [INFO]      Old version: 7.17.0
2024-04-23 00:12:18 [INFO]      New version: 7.17.1
2024-04-23 00:12:18 [INFO]      Package path: D:\a\CustomPackages\CustomPackages\packages\adguard\adguard.7.17.1.nupkg
2024-04-23 00:12:27 [INFO] Push complete
2024-04-23 00:12:27 [INFO] Pushing package: obsidian
2024-04-23 00:12:27 [INFO]      Old version: 1.5.8
2024-04-23 00:12:27 [INFO]      New version: 1.5.12
2024-04-23 00:12:27 [INFO]      Package path: D:\a\CustomPackages\CustomPackages\packages\obsidian\obsidian.1.5.12.nupkg
2024-04-23 00:12:28 [INFO] Push complete
2024-04-23 00:12:28 [INFO] Pushing package: proton-vpn
2024-04-23 00:12:28 [INFO]      Old version: 3.2.9
2024-04-23 00:12:28 [INFO]      New version: 3.2.11
2024-04-23 00:12:28 [INFO]      Package path: D:\a\CustomPackages\CustomPackages\packages\proton-vpn\proton-vpn.3.2.11.nupkg
2024-04-23 00:12:28 [INFO] Push complete
2024-04-23 00:12:28 [INFO] Pushing package: ryujinx.ava
2024-04-23 00:12:28 [INFO]      Old version: 1.1.1290
2024-04-23 00:12:28 [INFO]      New version: 1.1.1291
2024-04-23 00:12:28 [INFO]      Package path: D:\a\CustomPackages\CustomPackages\packages\ryujinx.ava\ryujinx.ava.1.1.1291.nupkg
2024-04-23 00:12:29 [INFO] Push complete
2024-04-23 00:12:29 [INFO] Completed package updates
