2024-03-28 00:52:16 [INFO] Checking for updates
2024-03-28 00:52:37 [INFO] Updated package: obsidian from 1.5.8 to 1.5.11
2024-03-28 00:52:37 [INFO] Updated package: proton-vpn from 3.2.9 to 3.2.10.2
2024-03-28 00:52:37 [INFO] Updated package: ryujinx.ava from 1.1.1247 to 1.1.1248
2024-03-28 00:52:37 [INFO] Pushing updated packages
2024-03-28 00:52:37 [INFO] Pushing package: obsidian
2024-03-28 00:52:37 [INFO]      Old version: 1.5.8
2024-03-28 00:52:37 [INFO]      New version: 1.5.11
2024-03-28 00:52:37 [INFO]      Package path: D:\a\CustomPackages\CustomPackages\packages\obsidian\obsidian.1.5.11.nupkg
2024-03-28 00:52:58 [INFO] Push complete
2024-03-28 00:52:58 [INFO] Pushing package: proton-vpn
2024-03-28 00:52:58 [INFO]      Old version: 3.2.9
2024-03-28 00:52:58 [INFO]      New version: 3.2.10.2
2024-03-28 00:52:58 [INFO]      Package path: D:\a\CustomPackages\CustomPackages\packages\proton-vpn\proton-vpn.3.2.10.2.nupkg
2024-03-28 00:52:59 [INFO] Push complete
2024-03-28 00:52:59 [INFO] Pushing package: ryujinx.ava
2024-03-28 00:52:59 [INFO]      Old version: 1.1.1247
2024-03-28 00:52:59 [INFO]      New version: 1.1.1248
2024-03-28 00:52:59 [INFO]      Package path: D:\a\CustomPackages\CustomPackages\packages\ryujinx.ava\ryujinx.ava.1.1.1248.nupkg
2024-03-28 00:53:00 [INFO] Push complete
2024-03-28 00:53:00 [INFO] Completed package updates
