2024-04-07 12:19:11 [INFO] Checking for updates
2024-04-07 12:19:24 [INFO] Updated package: obsidian from 1.5.8 to 1.5.12
2024-04-07 12:19:24 [INFO] Updated package: proton-vpn from 3.2.9 to 3.2.10.2
2024-04-07 12:19:24 [INFO] Updated package: sunshine from 0.22.2 to 0.23.0
2024-04-07 12:19:24 [INFO] Pushing updated packages
2024-04-07 12:19:24 [INFO] Pushing package: obsidian
2024-04-07 12:19:24 [INFO]      Old version: 1.5.8
2024-04-07 12:19:24 [INFO]      New version: 1.5.12
2024-04-07 12:19:24 [INFO]      Package path: D:\a\CustomPackages\CustomPackages\packages\obsidian\obsidian.1.5.12.nupkg
2024-04-07 12:19:47 [INFO] Push complete
2024-04-07 12:19:47 [INFO] Pushing package: proton-vpn
2024-04-07 12:19:47 [INFO]      Old version: 3.2.9
2024-04-07 12:19:47 [INFO]      New version: 3.2.10.2
2024-04-07 12:19:47 [INFO]      Package path: D:\a\CustomPackages\CustomPackages\packages\proton-vpn\proton-vpn.3.2.10.2.nupkg
2024-04-07 12:19:47 [INFO] Push complete
2024-04-07 12:19:47 [INFO] Pushing package: sunshine
2024-04-07 12:19:47 [INFO]      Old version: 0.22.2
2024-04-07 12:19:47 [INFO]      New version: 0.23.0
2024-04-07 12:19:47 [INFO]      Package path: D:\a\CustomPackages\CustomPackages\packages\sunshine\sunshine.0.23.0.nupkg
2024-04-07 12:19:48 [INFO] Push complete
2024-04-07 12:19:48 [INFO] Completed package updates
