2024-04-04 00:53:26 [INFO] Checking for updates
2024-04-04 00:53:47 [INFO] Updated package: obsidian from 1.5.8 to 1.5.12
2024-04-04 00:53:47 [INFO] Updated package: project-gld from 3.52 to 3.75
2024-04-04 00:53:47 [INFO] Updated package: proton-vpn from 3.2.9 to 3.2.10.2
2024-04-04 00:53:47 [INFO] Updated package: ryujinx.ava from 1.1.1249 to 1.1.1250
2024-04-04 00:53:47 [INFO] Pushing updated packages
2024-04-04 00:53:47 [INFO] Pushing package: obsidian
2024-04-04 00:53:47 [INFO]      Old version: 1.5.8
2024-04-04 00:53:47 [INFO]      New version: 1.5.12
2024-04-04 00:53:47 [INFO]      Package path: D:\a\CustomPackages\CustomPackages\packages\obsidian\obsidian.1.5.12.nupkg
2024-04-04 00:53:55 [INFO] Push complete
2024-04-04 00:53:55 [INFO] Pushing package: project-gld
2024-04-04 00:53:55 [INFO]      Old version: 3.52
2024-04-04 00:53:55 [INFO]      New version: 3.75
2024-04-04 00:53:55 [INFO]      Package path: D:\a\CustomPackages\CustomPackages\packages\project-gld\project-gld.3.75.0.nupkg
2024-04-04 00:53:56 [INFO] Push complete
2024-04-04 00:53:56 [INFO] Pushing package: proton-vpn
2024-04-04 00:53:56 [INFO]      Old version: 3.2.9
2024-04-04 00:53:56 [INFO]      New version: 3.2.10.2
2024-04-04 00:53:56 [INFO]      Package path: D:\a\CustomPackages\CustomPackages\packages\proton-vpn\proton-vpn.3.2.10.2.nupkg
2024-04-04 00:53:57 [INFO] Push complete
2024-04-04 00:53:57 [INFO] Pushing package: ryujinx.ava
2024-04-04 00:53:57 [INFO]      Old version: 1.1.1249
2024-04-04 00:53:57 [INFO]      New version: 1.1.1250
2024-04-04 00:53:57 [INFO]      Package path: D:\a\CustomPackages\CustomPackages\packages\ryujinx.ava\ryujinx.ava.1.1.1250.nupkg
2024-04-04 00:53:58 [INFO] Push complete
2024-04-04 00:53:58 [INFO] Completed package updates
